<?xml version="1.0" encoding="UTF-8"?>
<testng-results skipped="0" failed="0" ignored="0" total="0" passed="0">
  <reporter-output>
  </reporter-output>
  <suite name="services.ArtistServiceTest" duration-ms="15" started-at="2022-09-20T15:05:49 EDT" finished-at="2022-09-20T15:05:49 EDT">
    <groups>
    </groups>
    <test name="Command line test" duration-ms="15" started-at="2022-09-20T15:05:49 EDT" finished-at="2022-09-20T15:05:49 EDT">
    </test> <!-- Command line test -->
  </suite> <!-- services.ArtistServiceTest -->
</testng-results>
